<?xml version="1.0" encoding="UTF-8"?>
<testng-results skipped="0" failed="0" ignored="0" total="1" passed="1">
  <reporter-output>
  </reporter-output>
  <suite name="Suite" duration-ms="24932" started-at="2020-06-04T13:16:45Z" finished-at="2020-06-04T13:17:10Z">
    <groups>
      <group name="cucumber">
        <method signature="AbstractTestNGCucumberTests.runScenario(cucumber.api.testng.PickleEventWrapper, cucumber.api.testng.CucumberFeatureWrapper)[pri:0, instance:runner.TC001_ACMELogin_CountrySelection@2b2948e2]" name="runScenario" class="cucumber.api.testng.AbstractTestNGCucumberTests"/>
      </group> <!-- cucumber -->
    </groups>
    <test name="Test" duration-ms="24932" started-at="2020-06-04T13:16:45Z" finished-at="2020-06-04T13:17:10Z">
      <class name="runner.TC001_ACMELogin_CountrySelection">
        <test-method status="PASS" signature="startReport()[pri:0, instance:runner.TC001_ACMELogin_CountrySelection@2b2948e2]" name="startReport" is-config="true" duration-ms="461" started-at="2020-06-04T13:16:45Z" finished-at="2020-06-04T13:16:45Z">
          <reporter-output>
          </reporter-output>
        </test-method> <!-- startReport -->
        <test-method status="PASS" signature="setData()[pri:0, instance:runner.TC001_ACMELogin_CountrySelection@2b2948e2]" name="setData" is-config="true" duration-ms="0" started-at="2020-06-04T13:16:45Z" finished-at="2020-06-04T13:16:45Z">
          <reporter-output>
          </reporter-output>
        </test-method> <!-- setData -->
        <test-method status="PASS" signature="setUpClass()[pri:0, instance:runner.TC001_ACMELogin_CountrySelection@2b2948e2]" name="setUpClass" is-config="true" duration-ms="130" started-at="2020-06-04T13:16:45Z" finished-at="2020-06-04T13:16:46Z">
          <reporter-output>
          </reporter-output>
        </test-method> <!-- setUpClass -->
        <test-method status="PASS" signature="report()[pri:0, instance:runner.TC001_ACMELogin_CountrySelection@2b2948e2]" name="report" is-config="true" duration-ms="5" started-at="2020-06-04T13:16:46Z" finished-at="2020-06-04T13:16:46Z">
          <reporter-output>
          </reporter-output>
        </test-method> <!-- report -->
        <test-method status="PASS" signature="beforeMethod()[pri:0, instance:runner.TC001_ACMELogin_CountrySelection@2b2948e2]" name="beforeMethod" is-config="true" duration-ms="15724" started-at="2020-06-04T13:16:46Z" finished-at="2020-06-04T13:17:01Z">
          <reporter-output>
          </reporter-output>
        </test-method> <!-- beforeMethod -->
        <test-method status="PASS" signature="runScenario(cucumber.api.testng.PickleEventWrapper, cucumber.api.testng.CucumberFeatureWrapper)[pri:0, instance:runner.TC001_ACMELogin_CountrySelection@2b2948e2]" name="runScenario" duration-ms="8799" started-at="2020-06-04T13:17:01Z" description="Runs Cucumber Scenarios" data-provider="scenarios" finished-at="2020-06-04T13:17:10Z">
          <params>
            <param index="0">
              <value>
                <![CDATA["TC001 ACME Login and Country Selection functionlity"]]>
              </value>
            </param>
            <param index="1">
              <value>
                <![CDATA["ACME Login and Country Selection"]]>
              </value>
            </param>
          </params>
          <reporter-output>
          </reporter-output>
        </test-method> <!-- runScenario -->
        <test-method status="PASS" signature="afterMethod()[pri:0, instance:runner.TC001_ACMELogin_CountrySelection@2b2948e2]" name="afterMethod" is-config="true" duration-ms="201" started-at="2020-06-04T13:17:10Z" finished-at="2020-06-04T13:17:10Z">
          <reporter-output>
          </reporter-output>
        </test-method> <!-- afterMethod -->
        <test-method status="PASS" signature="tearDownClass()[pri:0, instance:runner.TC001_ACMELogin_CountrySelection@2b2948e2]" name="tearDownClass" is-config="true" duration-ms="5" started-at="2020-06-04T13:17:10Z" finished-at="2020-06-04T13:17:10Z">
          <reporter-output>
          </reporter-output>
        </test-method> <!-- tearDownClass -->
        <test-method status="PASS" signature="stopReport()[pri:0, instance:runner.TC001_ACMELogin_CountrySelection@2b2948e2]" name="stopReport" is-config="true" duration-ms="244" started-at="2020-06-04T13:17:10Z" finished-at="2020-06-04T13:17:11Z">
          <reporter-output>
          </reporter-output>
        </test-method> <!-- stopReport -->
      </class> <!-- runner.TC001_ACMELogin_CountrySelection -->
    </test> <!-- Test -->
  </suite> <!-- Suite -->
</testng-results>
